Lookahead token is now INT (178-179)
State 0:
Shifting (INT) to state 5
State 5:
Lookahead token is now PLUS (179-180)
Reducing production expr -> INT 
State 10:
Shifting (PLUS) to state 13
State 13:
Lookahead token is now INT (180-181)
Shifting (INT) to state 5
State 5:
Lookahead token is now TIMES (181-182)
Reducing production expr -> INT 
State 14:
Shifting (TIMES) to state 11
State 11:
Lookahead token is now INT (182-183)
Shifting (INT) to state 5
State 5:
Lookahead token is now MINUS (183-184)
Reducing production expr -> INT 
State 12:
Reducing production expr -> expr TIMES expr 
State 14:
Reducing production expr -> expr PLUS expr 
State 10:
Shifting (MINUS) to state 21
State 21:
Lookahead token is now MINUS (184-185)
Shifting (MINUS) to state 4
State 4:
Lookahead token is now INT (185-186)
Shifting (INT) to state 5
State 5:
Lookahead token is now TIMES (186-187)
Reducing production expr -> INT 
State 7:
Reducing production expr -> MINUS expr 
State 22:
Shifting (TIMES) to state 11
State 11:
Lookahead token is now INT (187-188)
Shifting (INT) to state 5
State 5:
Lookahead token is now PLUS (189-190)
Reducing production expr -> INT 
State 12:
Reducing production expr -> expr TIMES expr 
State 22:
Reducing production expr -> expr MINUS expr 
State 10:
Shifting (PLUS) to state 13
State 13:
Lookahead token is now INT (190-191)
Shifting (INT) to state 5
State 5:
Lookahead token is now LEQ (192-194)
Reducing production expr -> INT 
State 14:
Reducing production expr -> expr PLUS expr 
State 10:
Shifting (LEQ) to state 25
State 25:
Lookahead token is now INT (195-197)
Shifting (INT) to state 5
State 5:
Lookahead token is now AND (198-200)
Reducing production expr -> INT 
State 26:
Reducing production expr -> expr LEQ expr 
State 10:
Shifting (AND) to state 34
State 34:
Lookahead token is now INT (201-202)
Shifting (INT) to state 5
State 5:
Lookahead token is now EQ (202-204)
Reducing production expr -> INT 
State 35:
Shifting (EQ) to state 31
State 31:
Lookahead token is now INT (204-205)
Shifting (INT) to state 5
State 5:
Lookahead token is now PLUS (205-206)
Reducing production expr -> INT 
State 32:
Shifting (PLUS) to state 13
State 13:
Lookahead token is now INT (206-207)
Shifting (INT) to state 5
State 5:
Lookahead token is now OR (208-210)
Reducing production expr -> INT 
State 14:
Reducing production expr -> expr PLUS expr 
State 32:
Reducing production expr -> expr EQ expr 
State 35:
Reducing production expr -> expr AND expr 
State 10:
Shifting (OR) to state 17
State 17:
Lookahead token is now INT (211-212)
Shifting (INT) to state 5
State 5:
Lookahead token is now NEQ (213-215)
Reducing production expr -> INT 
State 18:
Shifting (NEQ) to state 19
State 19:
Lookahead token is now INT (216-217)
Shifting (INT) to state 5
State 5:
Lookahead token is now EOF (217-217)
Reducing production expr -> INT 
State 20:
Reducing production expr -> expr NEQ expr 
State 18:
Reducing production expr -> expr OR expr 
State 10:
Shifting (EOF) to state 33
State 33:
Reducing production start -> expr EOF 
State 9:
Accepting
sh: 1: dot: not found
