This is pdfTeX, Version 3.1415926-2.4-1.40.13 (TeX Live 2012/Debian) (format=pdflatex 2014.4.9)  3 FEB 2015 10:36
entering extended mode
 restricted \write18 enabled.
 %&-line parsing enabled.
**erty.txt
(./erty.txt
LaTeX2e <2011/06/27>
Babel <v3.8m> and hyphenation patterns for english, dumylang, nohyphenation, lo
aded.
(/usr/share/texlive/texmf-dist/tex/latex/base/article.cls
Document Class: article 2007/10/19 v1.4h Standard LaTeX document class
(/usr/share/texlive/texmf-dist/tex/latex/base/size10.clo
File: size10.clo 2007/10/19 v1.4h Standard LaTeX file (size option)
)
\c@part=\count79
\c@section=\count80
\c@subsection=\count81
\c@subsubsection=\count82
\c@paragraph=\count83
\c@subparagraph=\count84
\c@figure=\count85
\c@table=\count86
\abovecaptionskip=\skip41
\belowcaptionskip=\skip42
\bibindent=\dimen102
)
(/usr/share/texlive/texmf-dist/tex/latex/base/fontenc.sty
Package: fontenc 2005/09/27 v1.99g Standard LaTeX package

(/usr/share/texlive/texmf-dist/tex/latex/base/t1enc.def
File: t1enc.def 2005/09/27 v1.99g Standard LaTeX file
LaTeX Font Info:    Redeclaring font encoding T1 on input line 43.
))
(/usr/share/texlive/texmf-dist/tex/latex/base/inputenc.sty
Package: inputenc 2008/03/30 v1.1d Input encoding file
\inpenc@prehook=\toks14
\inpenc@posthook=\toks15

(/usr/share/texlive/texmf-dist/tex/latex/base/latin1.def
File: latin1.def 2008/03/30 v1.1d Input encoding file
))
No file erty.aux.
\openout1 = `erty.aux'.

LaTeX Font Info:    Checking defaults for OML/cmm/m/it on input line 9.
LaTeX Font Info:    ... okay on input line 9.
LaTeX Font Info:    Checking defaults for T1/cmr/m/n on input line 9.
LaTeX Font Info:    ... okay on input line 9.
LaTeX Font Info:    Checking defaults for OT1/cmr/m/n on input line 9.
LaTeX Font Info:    ... okay on input line 9.
LaTeX Font Info:    Checking defaults for OMS/cmsy/m/n on input line 9.
LaTeX Font Info:    ... okay on input line 9.
LaTeX Font Info:    Checking defaults for OMX/cmex/m/n on input line 9.
LaTeX Font Info:    ... okay on input line 9.
LaTeX Font Info:    Checking defaults for U/cmr/m/n on input line 9.
LaTeX Font Info:    ... okay on input line 9.
LaTeX Font Info:    External font `cmex10' loaded for size
(Font)              <12> on input line 11.
LaTeX Font Info:    External font `cmex10' loaded for size
(Font)              <8> on input line 11.
LaTeX Font Info:    External font `cmex10' loaded for size
(Font)              <6> on input line 11.
[1

{/var/lib/texmf/fonts/map/pdftex/updmap/pdftex.map}] (./erty.aux) ) 
Here is how much of TeX's memory you used:
 480 strings out of 495059
 4725 string characters out of 3182031
 48880 words of memory out of 3000000
 3726 multiletter control sequences out of 15000+200000
 9358 words of font info for 27 fonts, out of 3000000 for 9000
 14 hyphenation exceptions out of 8191
 23i,6n,17p,159b,187s stack positions out of 5000i,500n,10000p,200000b,50000s
 </afs/depti
nfo-st.univ-fcomte.fr/users/pwargnie/.texmf-var/fonts/pk/ljfour/jknappen/ec/ecr
m1000.600pk> </afs/deptinfo-st.univ-fcomte.fr/users/pwargnie/.texmf-var/fonts/p
k/ljfour/jknappen/ec/ecrm1200.600pk> </afs/deptinfo-st.univ-fcomte.fr/users/pwa
rgnie/.texmf-var/fonts/pk/ljfour/jknappen/ec/ecti1728.600pk> </afs/deptinfo-st.
univ-fcomte.fr/users/pwargnie/.texmf-var/fonts/pk/ljfour/jknappen/ec/ecrm1728.6
00pk>
Output written on erty.pdf (1 page, 24793 bytes).
PDF statistics:
 102 PDF objects out of 1000 (max. 8388607)
 20 compressed objects within 1 object stream
 0 named destinations out of 1000 (max. 500000)
 1 words of extra memory for PDF output out of 10000 (max. 10000000)

